<?xml version="1.0" encoding="UTF-8"?>
<coverage generated="1694810161443" clover="3.2.0">
  <project timestamp="1694810161444" name="All files">
    <metrics statements="66" coveredstatements="37" conditionals="22" coveredconditionals="6" methods="10" coveredmethods="6" elements="98" coveredelements="49" complexity="0" loc="66" ncloc="66" packages="1" files="1" classes="1"/>
    <file name="app.js" path="C:\Users\Dunca\rev_training\shoppinglist_api\app.js">
      <metrics statements="66" coveredstatements="37" conditionals="22" coveredconditionals="6" methods="10" coveredmethods="6"/>
      <line num="1" count="1" type="stmt"/>
      <line num="2" count="1" type="stmt"/>
      <line num="3" count="1" type="stmt"/>
      <line num="4" count="1" type="stmt"/>
      <line num="6" count="2" type="stmt"/>
      <line num="7" count="2" type="stmt"/>
      <line num="8" count="2" type="stmt"/>
      <line num="9" count="2" type="stmt"/>
      <line num="11" count="1" type="stmt"/>
      <line num="14" count="1" type="stmt"/>
      <line num="15" count="1" type="stmt"/>
      <line num="16" count="1" type="stmt"/>
      <line num="19" count="2" type="stmt"/>
      <line num="20" count="2" type="cond" truecount="2" falsecount="0"/>
      <line num="21" count="1" type="stmt"/>
      <line num="22" count="1" type="stmt"/>
      <line num="26" count="1" type="stmt"/>
      <line num="28" count="2" type="stmt"/>
      <line num="31" count="2" type="cond" truecount="2" falsecount="0"/>
      <line num="32" count="1" type="stmt"/>
      <line num="33" count="1" type="stmt"/>
      <line num="34" count="1" type="stmt"/>
      <line num="35" count="1" type="stmt"/>
      <line num="38" count="1" type="stmt"/>
      <line num="39" count="1" type="stmt"/>
      <line num="43" count="2" type="cond" truecount="2" falsecount="0"/>
      <line num="44" count="1" type="stmt"/>
      <line num="45" count="1" type="stmt"/>
      <line num="46" count="1" type="stmt"/>
      <line num="47" count="1" type="stmt"/>
      <line num="50" count="1" type="stmt"/>
      <line num="51" count="1" type="stmt"/>
      <line num="56" count="1" type="stmt"/>
      <line num="61" count="4" type="stmt"/>
      <line num="70" count="1" type="stmt"/>
      <line num="73" count="0" type="cond" truecount="0" falsecount="4"/>
      <line num="74" count="0" type="stmt"/>
      <line num="75" count="0" type="stmt"/>
      <line num="76" count="0" type="stmt"/>
      <line num="77" count="0" type="stmt"/>
      <line num="82" count="0" type="cond" truecount="0" falsecount="4"/>
      <line num="83" count="0" type="stmt"/>
      <line num="84" count="0" type="stmt"/>
      <line num="85" count="0" type="stmt"/>
      <line num="87" count="0" type="stmt"/>
      <line num="88" count="0" type="stmt"/>
      <line num="89" count="0" type="stmt"/>
      <line num="91" count="0" type="stmt"/>
      <line num="92" count="0" type="stmt"/>
      <line num="93" count="0" type="stmt"/>
      <line num="94" count="0" type="stmt"/>
      <line num="98" count="0" type="cond" truecount="0" falsecount="4"/>
      <line num="99" count="0" type="stmt"/>
      <line num="100" count="0" type="stmt"/>
      <line num="102" count="0" type="stmt"/>
      <line num="103" count="0" type="stmt"/>
      <line num="107" count="0" type="cond" truecount="0" falsecount="4"/>
      <line num="108" count="0" type="stmt"/>
      <line num="109" count="0" type="stmt"/>
      <line num="111" count="0" type="stmt"/>
      <line num="112" count="0" type="stmt"/>
      <line num="115" count="0" type="stmt"/>
      <line num="116" count="0" type="stmt"/>
      <line num="121" count="1" type="stmt"/>
      <line num="122" count="0" type="stmt"/>
      <line num="124" count="1" type="stmt"/>
    </file>
  </project>
</coverage>
