{"C:\\Users\\Dunca\\rev_training\\shoppinglist_api\\app.js": {"path":"C:\\Users\\Dunca\\rev_training\\shoppinglist_api\\app.js","statementMap":{"0":{"start":{"line":1,"column":19},"end":{"line":1,"column":21}},"1":{"start":{"line":2,"column":13},"end":{"line":2,"column":28}},"2":{"start":{"line":3,"column":12},"end":{"line":3,"column":31}},"3":{"start":{"line":4,"column":13},"end":{"line":4,"column":17}},"4":{"start":{"line":6,"column":4},"end":{"line":6,"column":21}},"5":{"start":{"line":7,"column":4},"end":{"line":7,"column":29}},"6":{"start":{"line":8,"column":4},"end":{"line":8,"column":23}},"7":{"start":{"line":9,"column":4},"end":{"line":9,"column":24}},"8":{"start":{"line":11,"column":45},"end":{"line":11,"column":63}},"9":{"start":{"line":14,"column":4},"end":{"line":14,"column":63}},"10":{"start":{"line":15,"column":4},"end":{"line":15,"column":24}},"11":{"start":{"line":16,"column":4},"end":{"line":16,"column":33}},"12":{"start":{"line":19,"column":15},"end":{"line":19,"column":17}},"13":{"start":{"line":20,"column":4},"end":{"line":27,"column":5}},"14":{"start":{"line":21,"column":8},"end":{"line":23,"column":9}},"15":{"start":{"line":21,"column":21},"end":{"line":21,"column":22}},"16":{"start":{"line":22,"column":12},"end":{"line":22,"column":143}},"17":{"start":{"line":26,"column":8},"end":{"line":26,"column":76}},"18":{"start":{"line":28,"column":4},"end":{"line":28,"column":33}},"19":{"start":{"line":31,"column":4},"end":{"line":40,"column":5}},"20":{"start":{"line":32,"column":8},"end":{"line":32,"column":34}},"21":{"start":{"line":33,"column":8},"end":{"line":33,"column":55}},"22":{"start":{"line":34,"column":8},"end":{"line":34,"column":28}},"23":{"start":{"line":35,"column":8},"end":{"line":35,"column":28}},"24":{"start":{"line":38,"column":8},"end":{"line":38,"column":129}},"25":{"start":{"line":39,"column":8},"end":{"line":39,"column":80}},"26":{"start":{"line":43,"column":4},"end":{"line":52,"column":5}},"27":{"start":{"line":44,"column":8},"end":{"line":44,"column":55}},"28":{"start":{"line":45,"column":8},"end":{"line":45,"column":29}},"29":{"start":{"line":46,"column":8},"end":{"line":46,"column":28}},"30":{"start":{"line":47,"column":8},"end":{"line":47,"column":29}},"31":{"start":{"line":50,"column":8},"end":{"line":50,"column":131}},"32":{"start":{"line":51,"column":8},"end":{"line":51,"column":80}},"33":{"start":{"line":56,"column":15},"end":{"line":69,"column":2}},"34":{"start":{"line":61,"column":12},"end":{"line":61,"column":57}},"35":{"start":{"line":70,"column":15},"end":{"line":119,"column":2}},"36":{"start":{"line":73,"column":4},"end":{"line":117,"column":5}},"37":{"start":{"line":74,"column":8},"end":{"line":74,"column":66}},"38":{"start":{"line":75,"column":25},"end":{"line":75,"column":48}},"39":{"start":{"line":76,"column":8},"end":{"line":76,"column":26}},"40":{"start":{"line":77,"column":8},"end":{"line":77,"column":40}},"41":{"start":{"line":82,"column":9},"end":{"line":117,"column":5}},"42":{"start":{"line":83,"column":19},"end":{"line":83,"column":21}},"43":{"start":{"line":84,"column":8},"end":{"line":86,"column":11}},"44":{"start":{"line":85,"column":12},"end":{"line":85,"column":26}},"45":{"start":{"line":87,"column":8},"end":{"line":95,"column":11}},"46":{"start":{"line":88,"column":25},"end":{"line":88,"column":41}},"47":{"start":{"line":89,"column":12},"end":{"line":89,"column":30}},"48":{"start":{"line":91,"column":12},"end":{"line":91,"column":95}},"49":{"start":{"line":92,"column":12},"end":{"line":92,"column":69}},"50":{"start":{"line":93,"column":12},"end":{"line":93,"column":46}},"51":{"start":{"line":94,"column":12},"end":{"line":94,"column":71}},"52":{"start":{"line":98,"column":9},"end":{"line":117,"column":5}},"53":{"start":{"line":99,"column":27},"end":{"line":99,"column":61}},"54":{"start":{"line":100,"column":8},"end":{"line":100,"column":32}},"55":{"start":{"line":102,"column":8},"end":{"line":102,"column":78}},"56":{"start":{"line":103,"column":8},"end":{"line":103,"column":42}},"57":{"start":{"line":107,"column":9},"end":{"line":117,"column":5}},"58":{"start":{"line":108,"column":27},"end":{"line":108,"column":61}},"59":{"start":{"line":109,"column":8},"end":{"line":109,"column":32}},"60":{"start":{"line":111,"column":8},"end":{"line":111,"column":72}},"61":{"start":{"line":112,"column":8},"end":{"line":112,"column":42}},"62":{"start":{"line":115,"column":8},"end":{"line":115,"column":59}},"63":{"start":{"line":116,"column":8},"end":{"line":116,"column":29}},"64":{"start":{"line":121,"column":0},"end":{"line":123,"column":2}},"65":{"start":{"line":122,"column":4},"end":{"line":122,"column":67}},"66":{"start":{"line":124,"column":0},"end":{"line":124,"column":91}}},"fnMap":{"0":{"name":"createShoppinglistItem","decl":{"start":{"line":5,"column":9},"end":{"line":5,"column":31}},"loc":{"start":{"line":5,"column":54},"end":{"line":10,"column":1}},"line":5},"1":{"name":"addItem","decl":{"start":{"line":13,"column":9},"end":{"line":13,"column":16}},"loc":{"start":{"line":13,"column":45},"end":{"line":17,"column":1}},"line":13},"2":{"name":"printlist","decl":{"start":{"line":18,"column":9},"end":{"line":18,"column":18}},"loc":{"start":{"line":18,"column":24},"end":{"line":29,"column":1}},"line":18},"3":{"name":"toggleItemBought","decl":{"start":{"line":30,"column":9},"end":{"line":30,"column":25}},"loc":{"start":{"line":30,"column":38},"end":{"line":41,"column":1}},"line":30},"4":{"name":"deleteItem","decl":{"start":{"line":42,"column":9},"end":{"line":42,"column":19}},"loc":{"start":{"line":42,"column":32},"end":{"line":53,"column":1}},"line":42},"5":{"name":"(anonymous_5)","decl":{"start":{"line":60,"column":22},"end":{"line":60,"column":23}},"loc":{"start":{"line":60,"column":57},"end":{"line":62,"column":9}},"line":60},"6":{"name":"(anonymous_6)","decl":{"start":{"line":70,"column":33},"end":{"line":70,"column":34}},"loc":{"start":{"line":70,"column":47},"end":{"line":119,"column":1}},"line":70},"7":{"name":"(anonymous_7)","decl":{"start":{"line":84,"column":23},"end":{"line":84,"column":24}},"loc":{"start":{"line":84,"column":34},"end":{"line":86,"column":9}},"line":84},"8":{"name":"(anonymous_8)","decl":{"start":{"line":87,"column":22},"end":{"line":87,"column":23}},"loc":{"start":{"line":87,"column":28},"end":{"line":95,"column":9}},"line":87},"9":{"name":"(anonymous_9)","decl":{"start":{"line":121,"column":20},"end":{"line":121,"column":21}},"loc":{"start":{"line":121,"column":26},"end":{"line":123,"column":1}},"line":121}},"branchMap":{"0":{"loc":{"start":{"line":20,"column":4},"end":{"line":27,"column":5}},"type":"if","locations":[{"start":{"line":20,"column":4},"end":{"line":27,"column":5}},{"start":{"line":25,"column":8},"end":{"line":27,"column":5}}],"line":20},"1":{"loc":{"start":{"line":31,"column":4},"end":{"line":40,"column":5}},"type":"if","locations":[{"start":{"line":31,"column":4},"end":{"line":40,"column":5}},{"start":{"line":37,"column":8},"end":{"line":40,"column":5}}],"line":31},"2":{"loc":{"start":{"line":43,"column":4},"end":{"line":52,"column":5}},"type":"if","locations":[{"start":{"line":43,"column":4},"end":{"line":52,"column":5}},{"start":{"line":49,"column":8},"end":{"line":52,"column":5}}],"line":43},"3":{"loc":{"start":{"line":73,"column":4},"end":{"line":117,"column":5}},"type":"if","locations":[{"start":{"line":73,"column":4},"end":{"line":117,"column":5}},{"start":{"line":82,"column":9},"end":{"line":117,"column":5}}],"line":73},"4":{"loc":{"start":{"line":73,"column":8},"end":{"line":73,"column":83}},"type":"binary-expr","locations":[{"start":{"line":73,"column":8},"end":{"line":73,"column":28}},{"start":{"line":73,"column":32},"end":{"line":73,"column":83}}],"line":73},"5":{"loc":{"start":{"line":82,"column":9},"end":{"line":117,"column":5}},"type":"if","locations":[{"start":{"line":82,"column":9},"end":{"line":117,"column":5}},{"start":{"line":98,"column":9},"end":{"line":117,"column":5}}],"line":82},"6":{"loc":{"start":{"line":82,"column":12},"end":{"line":82,"column":87}},"type":"binary-expr","locations":[{"start":{"line":82,"column":12},"end":{"line":82,"column":33}},{"start":{"line":82,"column":36},"end":{"line":82,"column":87}}],"line":82},"7":{"loc":{"start":{"line":98,"column":9},"end":{"line":117,"column":5}},"type":"if","locations":[{"start":{"line":98,"column":9},"end":{"line":117,"column":5}},{"start":{"line":107,"column":9},"end":{"line":117,"column":5}}],"line":98},"8":{"loc":{"start":{"line":98,"column":12},"end":{"line":98,"column":89}},"type":"binary-expr","locations":[{"start":{"line":98,"column":12},"end":{"line":98,"column":34}},{"start":{"line":98,"column":38},"end":{"line":98,"column":89}}],"line":98},"9":{"loc":{"start":{"line":107,"column":9},"end":{"line":117,"column":5}},"type":"if","locations":[{"start":{"line":107,"column":9},"end":{"line":117,"column":5}},{"start":{"line":114,"column":9},"end":{"line":117,"column":5}}],"line":107},"10":{"loc":{"start":{"line":107,"column":12},"end":{"line":107,"column":90}},"type":"binary-expr","locations":[{"start":{"line":107,"column":12},"end":{"line":107,"column":35}},{"start":{"line":107,"column":39},"end":{"line":107,"column":90}}],"line":107}},"s":{"0":1,"1":1,"2":1,"3":1,"4":2,"5":2,"6":2,"7":2,"8":1,"9":1,"10":1,"11":1,"12":2,"13":2,"14":1,"15":1,"16":1,"17":1,"18":2,"19":2,"20":1,"21":1,"22":1,"23":1,"24":1,"25":1,"26":2,"27":1,"28":1,"29":1,"30":1,"31":1,"32":1,"33":1,"34":4,"35":1,"36":0,"37":0,"38":0,"39":0,"40":0,"41":0,"42":0,"43":0,"44":0,"45":0,"46":0,"47":0,"48":0,"49":0,"50":0,"51":0,"52":0,"53":0,"54":0,"55":0,"56":0,"57":0,"58":0,"59":0,"60":0,"61":0,"62":0,"63":0,"64":1,"65":0,"66":1},"f":{"0":2,"1":1,"2":2,"3":2,"4":2,"5":4,"6":0,"7":0,"8":0,"9":0},"b":{"0":[1,1],"1":[1,1],"2":[1,1],"3":[0,0],"4":[0,0],"5":[0,0],"6":[0,0],"7":[0,0],"8":[0,0],"9":[0,0],"10":[0,0]},"_coverageSchema":"1a1c01bbd47fc00a2c39e90264f33305004495a9","hash":"e8566ebc944456352b7ca160a8a01bb502192872"}
}
