TN:
SF:app.js
FN:5,createShoppinglistItem
FN:13,addItem
FN:18,printlist
FN:30,toggleItemBought
FN:42,deleteItem
FN:60,(anonymous_5)
FN:70,(anonymous_6)
FN:84,(anonymous_7)
FN:87,(anonymous_8)
FN:121,(anonymous_9)
FNF:10
FNH:6
FNDA:2,createShoppinglistItem
FNDA:1,addItem
FNDA:2,printlist
FNDA:2,toggleItemBought
FNDA:2,deleteItem
FNDA:4,(anonymous_5)
FNDA:0,(anonymous_6)
FNDA:0,(anonymous_7)
FNDA:0,(anonymous_8)
FNDA:0,(anonymous_9)
DA:1,1
DA:2,1
DA:3,1
DA:4,1
DA:6,2
DA:7,2
DA:8,2
DA:9,2
DA:11,1
DA:14,1
DA:15,1
DA:16,1
DA:19,2
DA:20,2
DA:21,1
DA:22,1
DA:26,1
DA:28,2
DA:31,2
DA:32,1
DA:33,1
DA:34,1
DA:35,1
DA:38,1
DA:39,1
DA:43,2
DA:44,1
DA:45,1
DA:46,1
DA:47,1
DA:50,1
DA:51,1
DA:56,1
DA:61,4
DA:70,1
DA:73,0
DA:74,0
DA:75,0
DA:76,0
DA:77,0
DA:82,0
DA:83,0
DA:84,0
DA:85,0
DA:87,0
DA:88,0
DA:89,0
DA:91,0
DA:92,0
DA:93,0
DA:94,0
DA:98,0
DA:99,0
DA:100,0
DA:102,0
DA:103,0
DA:107,0
DA:108,0
DA:109,0
DA:111,0
DA:112,0
DA:115,0
DA:116,0
DA:121,1
DA:122,0
DA:124,1
LF:66
LH:37
BRDA:20,0,0,1
BRDA:20,0,1,1
BRDA:31,1,0,1
BRDA:31,1,1,1
BRDA:43,2,0,1
BRDA:43,2,1,1
BRDA:73,3,0,0
BRDA:73,3,1,0
BRDA:73,4,0,0
BRDA:73,4,1,0
BRDA:82,5,0,0
BRDA:82,5,1,0
BRDA:82,6,0,0
BRDA:82,6,1,0
BRDA:98,7,0,0
BRDA:98,7,1,0
BRDA:98,8,0,0
BRDA:98,8,1,0
BRDA:107,9,0,0
BRDA:107,9,1,0
BRDA:107,10,0,0
BRDA:107,10,1,0
BRF:22
BRH:6
end_of_record
